{"E:\\MySpace\\5JAL\\Angular\\pokemon-angular\\dist\\main\\typescript\\fight.js": {"path":"E:\\MySpace\\5JAL\\Angular\\pokemon-angular\\dist\\main\\typescript\\fight.js","statementMap":{"0":{"start":{"line":2,"column":0},"end":{"line":2,"column":62}},"1":{"start":{"line":3,"column":27},"end":{"line":17,"column":3}},"2":{"start":{"line":5,"column":8},"end":{"line":5,"column":33}},"3":{"start":{"line":6,"column":8},"end":{"line":6,"column":33}},"4":{"start":{"line":8,"column":4},"end":{"line":15,"column":6}},"5":{"start":{"line":9,"column":8},"end":{"line":14,"column":9}},"6":{"start":{"line":10,"column":12},"end":{"line":10,"column":38}},"7":{"start":{"line":13,"column":12},"end":{"line":13,"column":38}},"8":{"start":{"line":16,"column":4},"end":{"line":16,"column":17}},"9":{"start":{"line":18,"column":0},"end":{"line":18,"column":22}}},"fnMap":{"0":{"name":"(anonymous_0)","decl":{"start":{"line":3,"column":27},"end":{"line":3,"column":28}},"loc":{"start":{"line":3,"column":39},"end":{"line":17,"column":1}},"line":3},"1":{"name":"Fight","decl":{"start":{"line":4,"column":13},"end":{"line":4,"column":18}},"loc":{"start":{"line":4,"column":39},"end":{"line":7,"column":5}},"line":4},"2":{"name":"(anonymous_2)","decl":{"start":{"line":8,"column":35},"end":{"line":8,"column":36}},"loc":{"start":{"line":8,"column":47},"end":{"line":15,"column":5}},"line":8}},"branchMap":{"0":{"loc":{"start":{"line":9,"column":8},"end":{"line":14,"column":9}},"type":"if","locations":[{"start":{"line":9,"column":8},"end":{"line":14,"column":9}},{"start":{"line":9,"column":8},"end":{"line":14,"column":9}}],"line":9}},"s":{"0":1,"1":1,"2":1,"3":1,"4":1,"5":1,"6":1,"7":0,"8":1,"9":1},"f":{"0":1,"1":1,"2":1},"b":{"0":[1,0]},"inputSourceMap":null,"_coverageSchema":"1a1c01bbd47fc00a2c39e90264f33305004495a9","hash":"7314419ca04ce73fd88962da82417b41c83a887e"}
,"E:\\MySpace\\5JAL\\Angular\\pokemon-angular\\dist\\main\\typescript\\pokemon.js": {"path":"E:\\MySpace\\5JAL\\Angular\\pokemon-angular\\dist\\main\\typescript\\pokemon.js","statementMap":{"0":{"start":{"line":2,"column":0},"end":{"line":2,"column":62}},"1":{"start":{"line":3,"column":29},"end":{"line":25,"column":3}},"2":{"start":{"line":5,"column":8},"end":{"line":5,"column":21}},"3":{"start":{"line":6,"column":8},"end":{"line":6,"column":25}},"4":{"start":{"line":7,"column":8},"end":{"line":7,"column":27}},"5":{"start":{"line":9,"column":4},"end":{"line":11,"column":6}},"6":{"start":{"line":10,"column":8},"end":{"line":10,"column":69}},"7":{"start":{"line":12,"column":4},"end":{"line":14,"column":6}},"8":{"start":{"line":13,"column":8},"end":{"line":13,"column":80}},"9":{"start":{"line":15,"column":4},"end":{"line":23,"column":6}},"10":{"start":{"line":16,"column":8},"end":{"line":16,"column":29}},"11":{"start":{"line":17,"column":8},"end":{"line":22,"column":9}},"12":{"start":{"line":18,"column":12},"end":{"line":18,"column":26}},"13":{"start":{"line":21,"column":12},"end":{"line":21,"column":26}},"14":{"start":{"line":24,"column":4},"end":{"line":24,"column":19}},"15":{"start":{"line":26,"column":0},"end":{"line":26,"column":26}}},"fnMap":{"0":{"name":"(anonymous_0)","decl":{"start":{"line":3,"column":29},"end":{"line":3,"column":30}},"loc":{"start":{"line":3,"column":41},"end":{"line":25,"column":1}},"line":3},"1":{"name":"Pokemon","decl":{"start":{"line":4,"column":13},"end":{"line":4,"column":20}},"loc":{"start":{"line":4,"column":38},"end":{"line":8,"column":5}},"line":4},"2":{"name":"(anonymous_2)","decl":{"start":{"line":9,"column":33},"end":{"line":9,"column":34}},"loc":{"start":{"line":9,"column":45},"end":{"line":11,"column":5}},"line":9},"3":{"name":"(anonymous_3)","decl":{"start":{"line":12,"column":31},"end":{"line":12,"column":32}},"loc":{"start":{"line":12,"column":50},"end":{"line":14,"column":5}},"line":12},"4":{"name":"(anonymous_4)","decl":{"start":{"line":15,"column":37},"end":{"line":15,"column":38}},"loc":{"start":{"line":15,"column":53},"end":{"line":23,"column":5}},"line":15}},"branchMap":{"0":{"loc":{"start":{"line":17,"column":8},"end":{"line":22,"column":9}},"type":"if","locations":[{"start":{"line":17,"column":8},"end":{"line":22,"column":9}},{"start":{"line":17,"column":8},"end":{"line":22,"column":9}}],"line":17}},"s":{"0":2,"1":2,"2":3,"3":3,"4":3,"5":2,"6":1,"7":2,"8":0,"9":2,"10":0,"11":0,"12":0,"13":0,"14":2,"15":2},"f":{"0":2,"1":3,"2":1,"3":0,"4":0},"b":{"0":[0,0]},"inputSourceMap":null,"_coverageSchema":"1a1c01bbd47fc00a2c39e90264f33305004495a9","hash":"aff68b5be22183398fe1f076c015e224c40de926"}
,"E:\\MySpace\\5JAL\\Angular\\pokemon-angular\\src\\main\\typescript\\fight.ts": {"path":"E:\\MySpace\\5JAL\\Angular\\pokemon-angular\\src\\main\\typescript\\fight.ts","statementMap":{"0":{"start":{"line":3,"column":0},"end":{"line":3,"column":13}},"1":{"start":{"line":9,"column":8},"end":{"line":9,"column":33}},"2":{"start":{"line":10,"column":8},"end":{"line":10,"column":33}},"3":{"start":{"line":13,"column":4},"end":{"line":20,"column":null}},"4":{"start":{"line":14,"column":8},"end":{"line":19,"column":null}},"5":{"start":{"line":15,"column":12},"end":{"line":15,"column":38}},"6":{"start":{"line":18,"column":12},"end":{"line":18,"column":38}},"7":{"start":{"line":22,"column":0},"end":{"line":22,"column":null}},"8":{"start":{"line":3,"column":13},"end":{"line":3,"column":18}}},"fnMap":{"0":{"name":"(anonymous_0)","decl":{"start":{"line":3,"column":0},"end":{"line":3,"column":13}},"loc":{"start":{"line":3,"column":0},"end":{"line":22,"column":null}}},"1":{"name":"Fight","decl":{"start":{"line":8,"column":4},"end":{"line":8,"column":16}},"loc":{"start":{"line":8,"column":52},"end":{"line":11,"column":5}}},"2":{"name":"(anonymous_2)","decl":{"start":{"line":13,"column":4},"end":{"line":13,"column":16}},"loc":{"start":{"line":13,"column":4},"end":{"line":20,"column":5}}}},"branchMap":{"0":{"loc":{"start":{"line":14,"column":8},"end":{"line":19,"column":null}},"type":"if","locations":[{"start":{"line":14,"column":8},"end":{"line":19,"column":null}},{"start":{"line":14,"column":8},"end":{"line":19,"column":null}}]}},"s":{"0":1,"1":1,"2":1,"3":1,"4":1,"5":1,"6":0,"7":1,"8":1},"f":{"0":1,"1":1,"2":1},"b":{"0":[1,0]}}
,"E:\\MySpace\\5JAL\\Angular\\pokemon-angular\\src\\main\\typescript\\pokemon.ts": {"path":"E:\\MySpace\\5JAL\\Angular\\pokemon-angular\\src\\main\\typescript\\pokemon.ts","statementMap":{"0":{"start":{"line":1,"column":0},"end":{"line":1,"column":13}},"1":{"start":{"line":6,"column":8},"end":{"line":6,"column":21}},"2":{"start":{"line":7,"column":8},"end":{"line":7,"column":25}},"3":{"start":{"line":8,"column":8},"end":{"line":8,"column":27}},"4":{"start":{"line":11,"column":4},"end":{"line":13,"column":null}},"5":{"start":{"line":12,"column":8},"end":{"line":12,"column":69}},"6":{"start":{"line":15,"column":4},"end":{"line":17,"column":null}},"7":{"start":{"line":16,"column":8},"end":{"line":16,"column":81}},"8":{"start":{"line":18,"column":4},"end":{"line":26,"column":null}},"9":{"start":{"line":19,"column":8},"end":{"line":19,"column":29}},"10":{"start":{"line":20,"column":8},"end":{"line":25,"column":null}},"11":{"start":{"line":21,"column":12},"end":{"line":21,"column":26}},"12":{"start":{"line":24,"column":12},"end":{"line":24,"column":26}},"13":{"start":{"line":28,"column":0},"end":{"line":28,"column":null}},"14":{"start":{"line":1,"column":13},"end":{"line":1,"column":20}}},"fnMap":{"0":{"name":"(anonymous_0)","decl":{"start":{"line":1,"column":0},"end":{"line":1,"column":13}},"loc":{"start":{"line":1,"column":0},"end":{"line":28,"column":null}}},"1":{"name":"Pokemon","decl":{"start":{"line":5,"column":4},"end":{"line":5,"column":16}},"loc":{"start":{"line":5,"column":31},"end":{"line":9,"column":5}}},"2":{"name":"(anonymous_2)","decl":{"start":{"line":11,"column":4},"end":{"line":11,"column":12}},"loc":{"start":{"line":11,"column":4},"end":{"line":13,"column":5}}},"3":{"name":"(anonymous_3)","decl":{"start":{"line":15,"column":4},"end":{"line":15,"column":10}},"loc":{"start":{"line":15,"column":27},"end":{"line":17,"column":5}}},"4":{"name":"(anonymous_4)","decl":{"start":{"line":18,"column":4},"end":{"line":18,"column":16}},"loc":{"start":{"line":18,"column":39},"end":{"line":26,"column":5}}}},"branchMap":{"0":{"loc":{"start":{"line":20,"column":8},"end":{"line":25,"column":null}},"type":"if","locations":[{"start":{"line":20,"column":8},"end":{"line":25,"column":null}},{"start":{"line":20,"column":8},"end":{"line":25,"column":null}}]}},"s":{"0":2,"1":3,"2":3,"3":3,"4":2,"5":1,"6":2,"7":0,"8":2,"9":0,"10":0,"11":0,"12":0,"13":2,"14":2},"f":{"0":2,"1":3,"2":1,"3":0,"4":0},"b":{"0":[0,0]}}
}
