TN:
SF:dist\main\typescript\fight.js
FN:3,(anonymous_0)
FN:4,Fight
FN:8,(anonymous_2)
FNF:3
FNH:3
FNDA:1,(anonymous_0)
FNDA:1,Fight
FNDA:1,(anonymous_2)
DA:2,1
DA:3,1
DA:5,1
DA:6,1
DA:8,1
DA:9,1
DA:10,1
DA:13,0
DA:16,1
DA:18,1
LF:10
LH:9
BRDA:9,0,0,1
BRDA:9,0,1,0
BRF:2
BRH:1
end_of_record
TN:
SF:dist\main\typescript\pokemon.js
FN:3,(anonymous_0)
FN:4,Pokemon
FN:9,(anonymous_2)
FN:12,(anonymous_3)
FN:15,(anonymous_4)
FNF:5
FNH:3
FNDA:2,(anonymous_0)
FNDA:3,Pokemon
FNDA:1,(anonymous_2)
FNDA:0,(anonymous_3)
FNDA:0,(anonymous_4)
DA:2,2
DA:3,2
DA:5,3
DA:6,3
DA:7,3
DA:9,2
DA:10,1
DA:12,2
DA:13,0
DA:15,2
DA:16,0
DA:17,0
DA:18,0
DA:21,0
DA:24,2
DA:26,2
LF:16
LH:11
BRDA:17,0,0,0
BRDA:17,0,1,0
BRF:2
BRH:0
end_of_record
TN:
SF:src\main\typescript\fight.ts
FN:3,(anonymous_0)
FN:8,Fight
FN:13,(anonymous_2)
FNF:3
FNH:3
FNDA:1,(anonymous_0)
FNDA:1,Fight
FNDA:1,(anonymous_2)
DA:3,1
DA:9,1
DA:10,1
DA:13,1
DA:14,1
DA:15,1
DA:18,0
DA:22,1
LF:8
LH:7
BRDA:14,0,0,1
BRDA:14,0,1,0
BRF:2
BRH:1
end_of_record
TN:
SF:src\main\typescript\pokemon.ts
FN:1,(anonymous_0)
FN:6,Pokemon
FN:13,(anonymous_2)
FN:17,(anonymous_3)
FN:20,(anonymous_4)
FNF:5
FNH:3
FNDA:2,(anonymous_0)
FNDA:3,Pokemon
FNDA:1,(anonymous_2)
FNDA:0,(anonymous_3)
FNDA:0,(anonymous_4)
DA:1,2
DA:7,3
DA:8,3
DA:9,3
DA:10,3
DA:13,2
DA:14,1
DA:17,2
DA:18,0
DA:20,2
DA:21,0
DA:22,0
DA:23,0
DA:26,0
DA:30,2
LF:15
LH:10
BRDA:22,0,0,0
BRDA:22,0,1,0
BRF:2
BRH:0
end_of_record
